<?xml version="1.0" encoding="UTF-8"?>
<!-- Generated by org.testng.reporters.JUnitXMLReporter -->
<testsuite ignored="0" hostname="ARSUNKAR-W10" failures="0" tests="4" name="Test" time="23.898" errors="0" timestamp="2021-04-20T14:28:49 EDT">
  <testcase classname="testcases.test1" name="testSecondLibraryMethod" time="3.471"/>
  <testcase classname="testcases.test1" name="testSomeLibraryMethod" time="1.823"/>
  <testcase classname="testcases.test2" name="testMyntra" time="3.74"/>
  <testcase classname="testcases.test2" name="testTfact21012ADMApExCaseCreation" time="1.541"/>
</testsuite> <!-- Test -->
