<?xml version="1.0" encoding="UTF-8"?>
<testng-results ignored="0" total="4" passed="4" failed="0" skipped="0">
  <reporter-output>
  </reporter-output>
  <suite started-at="2021-04-20T14:28:25 EDT" name="Suite" finished-at="2021-04-20T14:28:48 EDT" duration-ms="23898">
    <groups>
    </groups>
    <test started-at="2021-04-20T14:28:25 EDT" name="Test" finished-at="2021-04-20T14:28:48 EDT" duration-ms="23898">
      <class name="testcases.test1">
        <test-method is-config="true" signature="beforeMethod()[pri:0, instance:testcases.test1@2928854b]" started-at="2021-04-20T14:28:25 EDT" name="beforeMethod" finished-at="2021-04-20T14:28:28 EDT" duration-ms="3261" status="PASS">
          <reporter-output>
          </reporter-output>
        </test-method> <!-- beforeMethod -->
        <test-method signature="testSecondLibraryMethod()[pri:0, instance:testcases.test1@2928854b]" started-at="2021-04-20T14:28:28 EDT" name="testSecondLibraryMethod" finished-at="2021-04-20T14:28:31 EDT" duration-ms="3471" status="PASS">
          <reporter-output>
          </reporter-output>
        </test-method> <!-- testSecondLibraryMethod -->
        <test-method is-config="true" signature="afterMethod()[pri:0, instance:testcases.test1@2928854b]" started-at="2021-04-20T14:28:31 EDT" name="afterMethod" finished-at="2021-04-20T14:28:31 EDT" duration-ms="115" status="PASS">
          <reporter-output>
          </reporter-output>
        </test-method> <!-- afterMethod -->
        <test-method is-config="true" signature="beforeMethod()[pri:0, instance:testcases.test1@2928854b]" started-at="2021-04-20T14:28:31 EDT" name="beforeMethod" finished-at="2021-04-20T14:28:33 EDT" duration-ms="1970" status="PASS">
          <reporter-output>
          </reporter-output>
        </test-method> <!-- beforeMethod -->
        <test-method signature="testSomeLibraryMethod()[pri:0, instance:testcases.test1@2928854b]" started-at="2021-04-20T14:28:33 EDT" name="testSomeLibraryMethod" finished-at="2021-04-20T14:28:35 EDT" duration-ms="1823" status="PASS">
          <reporter-output>
          </reporter-output>
        </test-method> <!-- testSomeLibraryMethod -->
        <test-method is-config="true" signature="afterMethod()[pri:0, instance:testcases.test1@2928854b]" started-at="2021-04-20T14:28:35 EDT" name="afterMethod" finished-at="2021-04-20T14:28:37 EDT" duration-ms="2080" status="PASS">
          <reporter-output>
          </reporter-output>
        </test-method> <!-- afterMethod -->
      </class> <!-- testcases.test1 -->
      <class name="testcases.test2">
        <test-method is-config="true" signature="beforeMethod()[pri:0, instance:testcases.test2@27ae2fd0]" started-at="2021-04-20T14:28:37 EDT" name="beforeMethod" finished-at="2021-04-20T14:28:39 EDT" duration-ms="1427" status="PASS">
          <reporter-output>
          </reporter-output>
        </test-method> <!-- beforeMethod -->
        <test-method signature="testMyntra()[pri:0, instance:testcases.test2@27ae2fd0]" started-at="2021-04-20T14:28:39 EDT" name="testMyntra" finished-at="2021-04-20T14:28:42 EDT" duration-ms="3740" status="PASS">
          <reporter-output>
          </reporter-output>
        </test-method> <!-- testMyntra -->
        <test-method is-config="true" signature="afterMethod()[pri:0, instance:testcases.test2@27ae2fd0]" started-at="2021-04-20T14:28:42 EDT" name="afterMethod" finished-at="2021-04-20T14:28:43 EDT" duration-ms="177" status="PASS">
          <reporter-output>
          </reporter-output>
        </test-method> <!-- afterMethod -->
        <test-method is-config="true" signature="beforeMethod()[pri:0, instance:testcases.test2@27ae2fd0]" started-at="2021-04-20T14:28:43 EDT" name="beforeMethod" finished-at="2021-04-20T14:28:45 EDT" duration-ms="2170" status="PASS">
          <reporter-output>
          </reporter-output>
        </test-method> <!-- beforeMethod -->
        <test-method signature="testTfact21012ADMApExCaseCreation()[pri:0, instance:testcases.test2@27ae2fd0]" started-at="2021-04-20T14:28:45 EDT" name="testTfact21012ADMApExCaseCreation" finished-at="2021-04-20T14:28:46 EDT" duration-ms="1541" status="PASS">
          <reporter-output>
          </reporter-output>
        </test-method> <!-- testTfact21012ADMApExCaseCreation -->
        <test-method is-config="true" signature="afterMethod()[pri:0, instance:testcases.test2@27ae2fd0]" started-at="2021-04-20T14:28:46 EDT" name="afterMethod" finished-at="2021-04-20T14:28:48 EDT" duration-ms="2070" status="PASS">
          <reporter-output>
          </reporter-output>
        </test-method> <!-- afterMethod -->
      </class> <!-- testcases.test2 -->
    </test> <!-- Test -->
  </suite> <!-- Suite -->
</testng-results>
