<?xml version="1.0" encoding="UTF-8"?>
<testng-results ignored="0" total="2" passed="2" failed="0" skipped="0">
  <reporter-output>
  </reporter-output>
  <suite started-at="2021-06-17T15:31:34 EDT" name="Suite" finished-at="2021-06-17T15:31:48 EDT" duration-ms="13448">
    <groups>
    </groups>
    <test started-at="2021-06-17T15:31:34 EDT" name="Test" finished-at="2021-06-17T15:31:48 EDT" duration-ms="13448">
      <class name="testcases.Test3">
        <test-method signature="testChrome1()[pri:0, instance:testcases.Test3@5bfa9431]" started-at="2021-06-17T15:31:34 EDT" name="testChrome1" finished-at="2021-06-17T15:31:43 EDT" duration-ms="8987" status="PASS">
          <reporter-output>
          </reporter-output>
        </test-method> <!-- testChrome1 -->
        <test-method signature="testChrome2()[pri:0, instance:testcases.Test3@5bfa9431]" started-at="2021-06-17T15:31:43 EDT" name="testChrome2" finished-at="2021-06-17T15:31:48 EDT" duration-ms="4373" status="PASS">
          <reporter-output>
          </reporter-output>
        </test-method> <!-- testChrome2 -->
      </class> <!-- testcases.Test3 -->
    </test> <!-- Test -->
  </suite> <!-- Suite -->
</testng-results>
